<?xml version="1.0" encoding="UTF-8"?>
<testng-results ignored="0" total="1" passed="1" failed="0" skipped="0">
  <reporter-output>
  </reporter-output>
  <suite started-at="2022-10-19T08:10:08 AEDT" name="Default suite" finished-at="2022-10-19T08:10:39 AEDT" duration-ms="31233">
    <groups>
    </groups>
    <test started-at="2022-10-19T08:10:08 AEDT" name="Default test" finished-at="2022-10-19T08:10:39 AEDT" duration-ms="31233">
      <class name="com.rentalcover.test.HomePageTest">
        <test-method is-config="true" signature="setUp()[pri:0, instance:com.rentalcover.test.HomePageTest@673fdbce]" started-at="2022-10-19T08:10:08 AEDT" name="setUp" finished-at="2022-10-19T08:10:29 AEDT" duration-ms="21431" status="PASS">
          <reporter-output>
          </reporter-output>
        </test-method> <!-- setUp -->
        <test-method signature="getAnInstantQuote()[pri:0, instance:com.rentalcover.test.HomePageTest@673fdbce]" started-at="2022-10-19T08:10:29 AEDT" name="getAnInstantQuote" finished-at="2022-10-19T08:10:39 AEDT" duration-ms="9616" status="PASS">
          <reporter-output>
          </reporter-output>
        </test-method> <!-- getAnInstantQuote -->
        <test-method is-config="true" signature="tearDown()[pri:0, instance:com.rentalcover.test.HomePageTest@673fdbce]" started-at="2022-10-19T08:10:39 AEDT" name="tearDown" finished-at="2022-10-19T08:10:39 AEDT" duration-ms="123" status="PASS">
          <reporter-output>
          </reporter-output>
        </test-method> <!-- tearDown -->
      </class> <!-- com.rentalcover.test.HomePageTest -->
    </test> <!-- Default test -->
  </suite> <!-- Default suite -->
</testng-results>
